[debug] [2022-02-04T09:01:57.698Z] ----------------------------------------------------------------------
[debug] [2022-02-04T09:01:57.700Z] Command:       C:\Program Files\nodejs\node.exe C:\Users\Eden\AppData\Roaming\npm\node_modules\firebase-tools\lib\bin\firebase.js init
[debug] [2022-02-04T09:01:57.701Z] CLI Version:   10.1.4
[debug] [2022-02-04T09:01:57.701Z] Platform:      win32
[debug] [2022-02-04T09:01:57.701Z] Node Version:  v16.13.0
[debug] [2022-02-04T09:01:57.702Z] Time:          Fri Feb 04 2022 12:01:57 GMT+0300 (East Africa Time)
[debug] [2022-02-04T09:01:57.702Z] ----------------------------------------------------------------------
[debug] 
[debug] [2022-02-04T09:01:57.709Z] > command requires scopes: ["email","openid","https://www.googleapis.com/auth/cloudplatformprojects.readonly","https://www.googleapis.com/auth/firebase","https://www.googleapis.com/auth/cloud-platform"]
[debug] [2022-02-04T09:01:57.710Z] > authorizing via signed-in user (edenkefale05@gmail.com)
[info] 
     ######## #### ########  ######## ########     ###     ######  ########
     ##        ##  ##     ## ##       ##     ##  ##   ##  ##       ##
     ######    ##  ########  ######   ########  #########  ######  ######
     ##        ##  ##    ##  ##       ##     ## ##     ##       ## ##
     ##       #### ##     ## ######## ########  ##     ##  ######  ########

You're about to initialize a Firebase project in this directory:

  C:\Users\Eden\react-carrental

[info] 
=== Project Setup
[info] 
[info] First, let's associate this project directory with a Firebase project.
[info] You can create multiple project aliases by running firebase use --add, 
[info] but for now we'll just set up a default project.
[info] 
[debug] [2022-02-04T09:02:30.358Z] >>> [apiv2][query] GET https://firebase.googleapis.com/v1beta1/projects pageSize=100
[debug] [2022-02-04T09:02:51.419Z] Failed to make request to https://firebase.googleapis.com/v1beta1/projects?pageSize=100
[debug] [2022-02-04T09:02:52.144Z] FirebaseError: Failed to make request to https://firebase.googleapis.com/v1beta1/projects?pageSize=100
    at RetryOperation._fn (C:\Users\Eden\AppData\Roaming\npm\node_modules\firebase-tools\lib\apiv2.js:240:31)
    at processTicksAndRejections (node:internal/process/task_queues:96:5)
[error] 
[error] Error: Failed to list Firebase projects. See firebase-debug.log for more info.
